0 info it worked if it ends with ok
1 verbose cli [ '/usr/local/bin/node', '/usr/local/bin/npm', 'publish' ]
2 info using npm@2.10.1
3 info using node@v0.12.4
4 verbose publish [ '.' ]
5 silly cache add args [ '.', null ]
6 verbose cache add spec .
7 silly cache add parsed spec { raw: '.',
7 silly cache add   scope: null,
7 silly cache add   name: null,
7 silly cache add   rawSpec: '.',
7 silly cache add   spec: '/Users/andrepadez/develop/vigour-io/gaston-time-tracker',
7 silly cache add   type: 'directory' }
8 verbose addLocalDirectory /Users/andrepadez/.npm/gaston-time-tracker/0.1.1/package.tgz not in flight; packing
9 verbose tar pack [ '/Users/andrepadez/.npm/gaston-time-tracker/0.1.1/package.tgz',
9 verbose tar pack   '/Users/andrepadez/develop/vigour-io/gaston-time-tracker' ]
10 verbose tarball /Users/andrepadez/.npm/gaston-time-tracker/0.1.1/package.tgz
11 verbose folder /Users/andrepadez/develop/vigour-io/gaston-time-tracker
12 info prepublish gaston-time-tracker@0.1.1
13 verbose addLocalTarball adding from inside cache /Users/andrepadez/.npm/gaston-time-tracker/0.1.1/package.tgz
14 silly cache afterAdd gaston-time-tracker@0.1.1
15 verbose afterAdd /Users/andrepadez/.npm/gaston-time-tracker/0.1.1/package/package.json not in flight; writing
16 verbose afterAdd /Users/andrepadez/.npm/gaston-time-tracker/0.1.1/package/package.json written
17 silly publish { name: 'gaston-time-tracker',
17 silly publish   version: '0.1.1',
17 silly publish   description: 'time-tracker for gaston',
17 silly publish   main: 'index.js',
17 silly publish   scripts: { test: 'echo "Error: no test specified" && exit 1' },
17 silly publish   author: { name: 'andre.padez@gmail.com' },
17 silly publish   license: 'ISC',
17 silly publish   dependencies:
17 silly publish    { bluebird: '^2.9.34',
17 silly publish      'graceful-fs': '^4.1.2',
17 silly publish      mkdirp: '^0.5.1',
17 silly publish      npmlog: '^1.2.1',
17 silly publish      shelljs: '^0.5.1' },
17 silly publish   devDependencies: {},
17 silly publish   repository:
17 silly publish    { type: 'git',
17 silly publish      url: 'git+https://github.com/andrepadez/gaston-time-tracker.git' },
17 silly publish   bugs: { url: 'https://github.com/andrepadez/gaston-time-tracker/issues' },
17 silly publish   homepage: 'https://github.com/andrepadez/gaston-time-tracker#readme',
17 silly publish   gitHead: 'caf9cf17207791d1c928eb5df6d6dc4ad9c85692',
17 silly publish   readme: 'ERROR: No README data found!',
17 silly publish   _id: 'gaston-time-tracker@0.1.1',
17 silly publish   _shasum: '1d0b6915ab1672503a3669024956b37f276040e8',
17 silly publish   _from: '.' }
18 verbose getPublishConfig undefined
19 silly mapToRegistry name gaston-time-tracker
20 silly mapToRegistry using default registry
21 silly mapToRegistry registry https://registry.npmjs.org/
22 silly mapToRegistry uri https://registry.npmjs.org/gaston-time-tracker
23 verbose publish registryBase https://registry.npmjs.org/
24 silly publish uploading /Users/andrepadez/.npm/gaston-time-tracker/0.1.1/package.tgz
25 verbose request uri https://registry.npmjs.org/gaston-time-tracker
26 verbose request sending authorization for write operation
27 info attempt registry request try #1 at 4:27:10 PM
28 verbose request using bearer token for auth
29 verbose request id e4552981dda222f2
30 http request PUT https://registry.npmjs.org/gaston-time-tracker
31 http 403 https://registry.npmjs.org/gaston-time-tracker
32 verbose headers { 'content-type': 'application/json',
32 verbose headers   'cache-control': 'max-age=60',
32 verbose headers   'content-length': '95',
32 verbose headers   'accept-ranges': 'bytes',
32 verbose headers   date: 'Thu, 16 Jul 2015 14:27:11 GMT',
32 verbose headers   via: '1.1 varnish',
32 verbose headers   connection: 'keep-alive',
32 verbose headers   'x-served-by': 'cache-ams4127-AMS',
32 verbose headers   'x-cache': 'MISS',
32 verbose headers   'x-cache-hits': '0',
32 verbose headers   'x-timer': 'S1437056830.541417,VS0,VE679' }
33 verbose request invalidating /Users/andrepadez/.npm/registry.npmjs.org/gaston-time-tracker on PUT
34 error publish Failed PUT 403
35 verbose stack Error: "You cannot publish over the previously published version 0.1.1." : gaston-time-tracker
35 verbose stack     at CachingRegistryClient.<anonymous> (/usr/local/lib/node_modules/npm/node_modules/npm-registry-client/lib/request.js:247:14)
35 verbose stack     at Request._callback (/usr/local/lib/node_modules/npm/node_modules/npm-registry-client/lib/request.js:170:14)
35 verbose stack     at Request.self.callback (/usr/local/lib/node_modules/npm/node_modules/request/request.js:368:22)
35 verbose stack     at Request.emit (events.js:110:17)
35 verbose stack     at Request.<anonymous> (/usr/local/lib/node_modules/npm/node_modules/request/request.js:1219:14)
35 verbose stack     at Request.emit (events.js:129:20)
35 verbose stack     at IncomingMessage.<anonymous> (/usr/local/lib/node_modules/npm/node_modules/request/request.js:1167:12)
35 verbose stack     at IncomingMessage.emit (events.js:129:20)
35 verbose stack     at _stream_readable.js:908:16
35 verbose stack     at process._tickCallback (node.js:355:11)
36 verbose statusCode 403
37 verbose pkgid gaston-time-tracker
38 verbose cwd /Users/andrepadez/develop/vigour-io/gaston-time-tracker
39 error Darwin 14.1.1
40 error argv "/usr/local/bin/node" "/usr/local/bin/npm" "publish"
41 error node v0.12.4
42 error npm  v2.10.1
43 error code E403
44 error "You cannot publish over the previously published version 0.1.1." : gaston-time-tracker
45 error If you need help, you may report this error at:
45 error     <https://github.com/npm/npm/issues>
46 verbose exit [ 1, true ]
